2025-10-16 12:31:24 [INFO] Interrompido pelo usuário.
2025-10-16 12:33:31 [INFO] Interrompido pelo usuário.
2025-10-16 12:34:55 [INFO] Encontrados 14 entradas na lista.
2025-10-16 12:35:10 [INFO] Download concluído: D:\YT\downloads_videos\#1 - BANCO DE DADOS 1： Conceitos Iniciais [9JNqj8ARj_4].f311.mp4
2025-10-16 12:35:33 [INFO] Download concluído: D:\YT\downloads_videos\#1 - BANCO DE DADOS 1： Conceitos Iniciais [9JNqj8ARj_4].f234.mp4
2025-10-16 12:35:35 [INFO] Processado: #1 - BANCO DE DADOS 1: Conceitos Iniciais
2025-10-16 12:35:49 [INFO] Download concluído: D:\YT\downloads_videos\#2 - BANCO DE DADOS 1： Conceitos Gerais [RfSXBz4oj4g].f311.mp4
2025-10-16 12:36:09 [INFO] Download concluído: D:\YT\downloads_videos\#2 - BANCO DE DADOS 1： Conceitos Gerais [RfSXBz4oj4g].f234.mp4
2025-10-16 12:36:10 [INFO] Processado: #2 - BANCO DE DADOS 1: Conceitos Gerais
2025-10-16 12:36:24 [INFO] Download concluído: D:\YT\downloads_videos\#3 - BANCO DE DADOS 1： SGBD - Sistemas Gerenciadores de Banco de Dados [33l_2gaSnAs].f311.mp4
2025-10-16 12:36:37 [INFO] Download concluído: D:\YT\downloads_videos\#3 - BANCO DE DADOS 1： SGBD - Sistemas Gerenciadores de Banco de Dados [33l_2gaSnAs].f234.mp4
2025-10-16 12:36:38 [INFO] Processado: #3 - BANCO DE DADOS 1: SGBD - Sistemas Gerenciadores de Banco de Dados
2025-10-16 12:36:52 [INFO] Download concluído: D:\YT\downloads_videos\#4 - BANCO DE DADOS 1： Modelo Entidade Relacionamento [DjSwgkW_tWQ].f311.mp4
2025-10-16 12:37:10 [INFO] Download concluído: D:\YT\downloads_videos\#4 - BANCO DE DADOS 1： Modelo Entidade Relacionamento [DjSwgkW_tWQ].f234.mp4
2025-10-16 12:37:11 [INFO] Processado: #4 - BANCO DE DADOS 1: Modelo Entidade Relacionamento
2025-10-16 12:37:23 [INFO] Download concluído: D:\YT\downloads_videos\#5 - BANCO DE DADOS 1： Tipos de atributos do MER [NgVs6nR1haQ].f311.mp4
2025-10-16 12:37:39 [INFO] Download concluído: D:\YT\downloads_videos\#5 - BANCO DE DADOS 1： Tipos de atributos do MER [NgVs6nR1haQ].f234.mp4
2025-10-16 12:37:40 [INFO] Processado: #5 - BANCO DE DADOS 1: Tipos de atributos do MER
2025-10-16 12:37:51 [INFO] Download concluído: D:\YT\downloads_videos\#6 - BANCO DE DADOS 1： Tipos de Relacionamentos do MER [wAjgPu0ZibA].f311.mp4
2025-10-16 12:38:04 [INFO] Download concluído: D:\YT\downloads_videos\#6 - BANCO DE DADOS 1： Tipos de Relacionamentos do MER [wAjgPu0ZibA].f234.mp4
2025-10-16 12:38:05 [INFO] Processado: #6 - BANCO DE DADOS 1: Tipos de Relacionamentos do MER
2025-10-16 12:38:14 [INFO] Download concluído: D:\YT\downloads_videos\#7 - BANCO DE DADOS 1： MER Estendido (MER-EX) [i2v2M2u4xU0].f311.mp4
2025-10-16 12:38:25 [INFO] Download concluído: D:\YT\downloads_videos\#7 - BANCO DE DADOS 1： MER Estendido (MER-EX) [i2v2M2u4xU0].f234.mp4
2025-10-16 12:38:26 [INFO] Processado: #7 - BANCO DE DADOS 1: MER Estendido (MER-EX)
2025-10-16 12:38:38 [INFO] Download concluído: D:\YT\downloads_videos\#8 - BANCO DE DADOS 1： Mapeamento do MER para o Modelo Relacional [aD7PjxxNJxE].f311.mp4
2025-10-16 12:38:52 [INFO] Download concluído: D:\YT\downloads_videos\#8 - BANCO DE DADOS 1： Mapeamento do MER para o Modelo Relacional [aD7PjxxNJxE].f234.mp4
2025-10-16 12:38:53 [INFO] Processado: #8 - BANCO DE DADOS 1: Mapeamento do MER para o Modelo Relacional
2025-10-16 12:39:10 [INFO] Download concluído: D:\YT\downloads_videos\#9 - BANCO DE DADOS 1： Mapeamento do MER para o Modelo Relacional (parte 2) [VfS3Cfmjyrg].f311.mp4
2025-10-16 12:39:24 [INFO] Download concluído: D:\YT\downloads_videos\#9 - BANCO DE DADOS 1： Mapeamento do MER para o Modelo Relacional (parte 2) [VfS3Cfmjyrg].f234.mp4
2025-10-16 12:39:25 [INFO] Processado: #9 - BANCO DE DADOS 1: Mapeamento do MER para o Modelo Relacional (parte 2)
2025-10-16 12:39:37 [INFO] Download concluído: D:\YT\downloads_videos\#10 - BANCO DE DADOS 1： Normalização de relações [ikFjbstV98w].f311.mp4
2025-10-16 12:39:47 [INFO] Download concluído: D:\YT\downloads_videos\#10 - BANCO DE DADOS 1： Normalização de relações [ikFjbstV98w].f234.mp4
2025-10-16 12:39:47 [INFO] Processado: #10 - BANCO DE DADOS 1: Normalização de relações
2025-10-16 12:39:57 [INFO] Download concluído: D:\YT\downloads_videos\#11 - BANCO DE DADOS 1： Normalização de relações (parte2) [nf7RoBT1l1E].f311.mp4
2025-10-16 12:40:08 [INFO] Download concluído: D:\YT\downloads_videos\#11 - BANCO DE DADOS 1： Normalização de relações (parte2) [nf7RoBT1l1E].f234.mp4
2025-10-16 12:40:09 [INFO] Processado: #11 - BANCO DE DADOS 1: Normalização de relações (parte2)
2025-10-16 12:40:26 [INFO] Download concluído: D:\YT\downloads_videos\Banco de Dados 1： Correção da lista de exercícios 1 [3rjKo2ej3jM].f311.mp4
2025-10-16 12:40:34 [INFO] Download concluído: D:\YT\downloads_videos\Banco de Dados 1： Correção da lista de exercícios 1 [3rjKo2ej3jM].f234.mp4
2025-10-16 12:40:34 [INFO] Processado: Banco de Dados 1: Correção da lista de exercícios 1
2025-10-16 12:40:55 [INFO] Download concluído: D:\YT\downloads_videos\Banco de Dados 1： Correção da lista de exercícios 2 [hcP8jfVUgGs].f311.mp4
2025-10-16 12:41:13 [INFO] Download concluído: D:\YT\downloads_videos\Banco de Dados 1： Correção da lista de exercícios 2 [hcP8jfVUgGs].f234.mp4
2025-10-16 12:41:14 [INFO] Processado: Banco de Dados 1: Correção da lista de exercícios 2
2025-10-16 12:41:24 [INFO] Download concluído: D:\YT\downloads_videos\Banco de Dados 1： Correção da lista de exercícios 3 [xzu0T_Vc-fM].f311.mp4
2025-10-16 12:41:35 [INFO] Download concluído: D:\YT\downloads_videos\Banco de Dados 1： Correção da lista de exercícios 3 [xzu0T_Vc-fM].f234.mp4
2025-10-16 12:41:36 [INFO] Processado: Banco de Dados 1: Correção da lista de exercícios 3
2025-10-16 12:47:03 [INFO] Encontrados 23 entradas na lista.
2025-10-16 12:47:08 [INFO] Download concluído: D:\YT\downloads_videos\Banco de Dados - Apresentação [6HenZN8HvC4].f232.mp4
2025-10-16 12:47:11 [INFO] Download concluído: D:\YT\downloads_videos\Banco de Dados - Apresentação [6HenZN8HvC4].f234.mp4
2025-10-16 12:47:12 [INFO] Processado: Banco de Dados - Apresentação
2025-10-16 12:47:30 [INFO] Download concluído: D:\YT\downloads_videos\Banco de Dados - Visão geral sobre banco de dados [Uua7T2Dzndk].f609.mp4
2025-10-16 12:47:41 [INFO] Download concluído: D:\YT\downloads_videos\Banco de Dados - Visão geral sobre banco de dados [Uua7T2Dzndk].f234.mp4
2025-10-16 12:47:42 [INFO] Processado: Banco de Dados - Visão geral sobre banco de dados
2025-10-16 12:47:55 [INFO] Download concluído: D:\YT\downloads_videos\Banco de Dados - Modelo Entidade-Relacionamento (MER) - Parte I： entidades, atributos, chaves [IpFn-KsWPW0].f232.mp4
2025-10-16 12:48:04 [INFO] Download concluído: D:\YT\downloads_videos\Banco de Dados - Modelo Entidade-Relacionamento (MER) - Parte I： entidades, atributos, chaves [IpFn-KsWPW0].f234.mp4
2025-10-16 12:48:05 [INFO] Processado: Banco de Dados - Modelo Entidade-Relacionamento (MER) - Parte I: entidades, atributos, chaves
2025-10-16 12:48:21 [INFO] Download concluído: D:\YT\downloads_videos\Banco de Dados - Modelo Entidade-Relacionamento (MER) - Parte II： relacionamentos e cardinalidade [WowLgAmEmzs].f232.mp4
2025-10-16 12:48:35 [INFO] Download concluído: D:\YT\downloads_videos\Banco de Dados - Modelo Entidade-Relacionamento (MER) - Parte II： relacionamentos e cardinalidade [WowLgAmEmzs].f234.mp4
2025-10-16 12:48:36 [INFO] Processado: Banco de Dados - Modelo Entidade-Relacionamento (MER) - Parte II: relacionamentos e cardinalidade
2025-10-16 12:48:56 [INFO] Download concluído: D:\YT\downloads_videos\Banco de Dados - Modelo Relacional： caracterização, formalização e restrições [fhe9sbu2H0E].f232.mp4
2025-10-16 12:49:09 [INFO] Download concluído: D:\YT\downloads_videos\Banco de Dados - Modelo Relacional： caracterização, formalização e restrições [fhe9sbu2H0E].f234-1.mp4
2025-10-16 12:49:21 [INFO] Processado: Banco de Dados - Modelo Relacional: caracterização, formalização e restrições
2025-10-16 12:49:35 [INFO] Download concluído: D:\YT\downloads_videos\Banco de Dados - Mapeamento MER → Relacional - Parte I： entidades, atributos, chaves [b6dlBuhPElg].f232.mp4
2025-10-16 12:49:46 [INFO] Download concluído: D:\YT\downloads_videos\Banco de Dados - Mapeamento MER → Relacional - Parte I： entidades, atributos, chaves [b6dlBuhPElg].f234.mp4
2025-10-16 12:49:56 [INFO] Processado: Banco de Dados - Mapeamento MER → Relacional - Parte I: entidades, atributos, chaves
2025-10-16 12:50:10 [INFO] Download concluído: D:\YT\downloads_videos\Banco de Dados - Mapeamento MER → Relacional - Parte II： relacionamentos, cardinalidades [Im6hXsQJWjY].f232.mp4
2025-10-16 12:50:20 [INFO] Download concluído: D:\YT\downloads_videos\Banco de Dados - Mapeamento MER → Relacional - Parte II： relacionamentos, cardinalidades [Im6hXsQJWjY].f234.mp4
2025-10-16 12:50:22 [INFO] Processado: Banco de Dados - Mapeamento MER → Relacional - Parte II: relacionamentos, cardinalidades
2025-10-16 12:50:38 [INFO] Download concluído: D:\YT\downloads_videos\Banco de Dados - Sistemas Gerenciadores de Bancos de Dados no Mercado [12evQIL9BGc].f232.mp4
2025-10-16 12:50:47 [INFO] Download concluído: D:\YT\downloads_videos\Banco de Dados - Sistemas Gerenciadores de Bancos de Dados no Mercado [12evQIL9BGc].f234-1.mp4
2025-10-16 12:50:50 [INFO] Processado: Banco de Dados - Sistemas Gerenciadores de Bancos de Dados no Mercado
2025-10-16 12:51:09 [INFO] Download concluído: D:\YT\downloads_videos\Banco de Dados - Normalização - Parte 1 [Mhd2bI5pJuo].f232.mp4
2025-10-16 12:51:17 [INFO] Download concluído: D:\YT\downloads_videos\Banco de Dados - Normalização - Parte 1 [Mhd2bI5pJuo].f234-1.mp4
2025-10-16 12:51:26 [INFO] Processado: Banco de Dados - Normalização - Parte 1
2025-10-16 12:51:44 [INFO] Download concluído: D:\YT\downloads_videos\Banco de Dados - Normalização - Parte 2 [jnT7BnrVSmo].f312.mp4
2025-10-16 12:51:53 [INFO] Download concluído: D:\YT\downloads_videos\Banco de Dados - Normalização - Parte 2 [jnT7BnrVSmo].f234.mp4
2025-10-16 12:52:01 [INFO] Processado: Banco de Dados - Normalização - Parte 2
2025-10-16 12:52:09 [INFO] Download concluído: D:\YT\downloads_videos\Banco de Dados - Costurando - Semana 04 [mWyE88G3e8k].f232.mp4
2025-10-16 12:52:12 [INFO] Download concluído: D:\YT\downloads_videos\Banco de Dados - Costurando - Semana 04 [mWyE88G3e8k].f234-1.mp4
2025-10-16 12:52:13 [INFO] Processado: Banco de Dados - Costurando - Semana 04
2025-10-16 12:52:52 [INFO] Download concluído: D:\YT\downloads_videos\Banco de Dados - Ferramenta Case MySQLWorkbench [55jWRTT5qaQ].f312.mp4
2025-10-16 12:53:00 [INFO] Download concluído: D:\YT\downloads_videos\Banco de Dados - Ferramenta Case MySQLWorkbench [55jWRTT5qaQ].f234-1.mp4
2025-10-16 12:53:18 [INFO] Processado: Banco de Dados - Ferramenta Case MySQLWorkbench
2025-10-16 12:53:40 [INFO] Download concluído: D:\YT\downloads_videos\Banco de Dados - Linguagem SQL DDL - Linguagem de Definição de Dados： Comandos Básicos [oYeV75eT7Uo].f312.mp4
2025-10-16 12:53:49 [INFO] Download concluído: D:\YT\downloads_videos\Banco de Dados - Linguagem SQL DDL - Linguagem de Definição de Dados： Comandos Básicos [oYeV75eT7Uo].f234.mp4
2025-10-16 12:53:51 [INFO] Processado: Banco de Dados - Linguagem SQL DDL - Linguagem de Definição de Dados: Comandos Básicos
2025-10-16 12:54:01 [INFO] Download concluído: D:\YT\downloads_videos\Banco de Dados - Indexação em Banco de Dados [Ujl67TEXRKs].f232.mp4
2025-10-16 12:54:08 [INFO] Download concluído: D:\YT\downloads_videos\Banco de Dados - Indexação em Banco de Dados [Ujl67TEXRKs].f234.mp4
2025-10-16 12:54:09 [INFO] Processado: Banco de Dados - Indexação em Banco de Dados
2025-10-16 12:54:45 [INFO] Download concluído: D:\YT\downloads_videos\Banco de Dados - Linguagem SQL - Introdução à consulta - SELECT [0wNCqhKLvQM].f232.mp4
2025-10-16 12:55:00 [INFO] Download concluído: D:\YT\downloads_videos\Banco de Dados - Linguagem SQL - Introdução à consulta - SELECT [0wNCqhKLvQM].f234.mp4
2025-10-16 12:55:03 [INFO] Processado: Banco de Dados - Linguagem SQL - Introdução à consulta - SELECT
2025-10-16 12:55:23 [INFO] Download concluído: D:\YT\downloads_videos\Banco de Dados - Linguagem SQL - Consultas com funções - SELECT [O8cznwDnrBg].f232.mp4
2025-10-16 12:55:33 [INFO] Download concluído: D:\YT\downloads_videos\Banco de Dados - Linguagem SQL - Consultas com funções - SELECT [O8cznwDnrBg].f234.mp4
2025-10-16 12:55:35 [INFO] Processado: Banco de Dados - Linguagem SQL - Consultas com funções - SELECT
2025-10-16 12:55:55 [INFO] Download concluído: D:\YT\downloads_videos\Banco de Dados - Linguagem SQL - Consultas Combinadas - SELECT - JOIN [7HBcf5-6KKI].f232.mp4
2025-10-16 12:56:04 [INFO] Download concluído: D:\YT\downloads_videos\Banco de Dados - Linguagem SQL - Consultas Combinadas - SELECT - JOIN [7HBcf5-6KKI].f234.mp4
2025-10-16 12:56:06 [INFO] Processado: Banco de Dados - Linguagem SQL - Consultas Combinadas - SELECT - JOIN
2025-10-16 12:57:18 [INFO] Download concluído: D:\YT\downloads_videos\Banco de Dados - SELECT - Exemplos de Consultas Variadas [BiR6Z92_tqY].f232.mp4
2025-10-16 12:57:43 [INFO] Download concluído: D:\YT\downloads_videos\Banco de Dados - SELECT - Exemplos de Consultas Variadas [BiR6Z92_tqY].f234.mp4
2025-10-16 12:57:45 [INFO] Processado: Banco de Dados - SELECT - Exemplos de Consultas Variadas
2025-10-16 12:58:06 [INFO] Download concluído: D:\YT\downloads_videos\Banco de Dados - Introdução a Views e conceitos básicos sobre Data Warehouse e Data Lake [_A9KDi_Cl-8].f232.mp4
2025-10-16 12:58:16 [INFO] Download concluído: D:\YT\downloads_videos\Banco de Dados - Introdução a Views e conceitos básicos sobre Data Warehouse e Data Lake [_A9KDi_Cl-8].f234.mp4
2025-10-16 12:58:16 [INFO] Processado: Banco de Dados - Introdução a Views e conceitos básicos sobre Data Warehouse e Data Lake
2025-10-16 12:58:30 [INFO] Download concluído: D:\YT\downloads_videos\Banco de Dados - Transações [BoK55cQrvsA].f232.mp4
2025-10-16 12:58:38 [INFO] Download concluído: D:\YT\downloads_videos\Banco de Dados - Transações [BoK55cQrvsA].f234.mp4
2025-10-16 12:58:39 [INFO] Processado: Banco de Dados - Transações
2025-10-16 12:58:51 [INFO] Download concluído: D:\YT\downloads_videos\Banco de Dados - Introdução a Bancos de Dados Não Relacionais - NoSQL [QV9c5t0BDwc].f232.mp4
2025-10-16 12:59:02 [INFO] Download concluído: D:\YT\downloads_videos\Banco de Dados - Introdução a Bancos de Dados Não Relacionais - NoSQL [QV9c5t0BDwc].f234.mp4
2025-10-16 12:59:02 [INFO] Processado: Banco de Dados - Introdução a Bancos de Dados Não Relacionais - NoSQL
2025-10-16 12:59:22 [INFO] Download concluído: D:\YT\downloads_videos\Banco de Dados - MongoDB – Parte 1 [swlCK8lrtlU].f232.mp4
2025-10-16 12:59:29 [INFO] Download concluído: D:\YT\downloads_videos\Banco de Dados - MongoDB – Parte 1 [swlCK8lrtlU].f234-1.mp4
2025-10-16 12:59:30 [INFO] Processado: Banco de Dados - MongoDB – Parte 1
2025-10-16 12:59:41 [INFO] Download concluído: D:\YT\downloads_videos\Banco de Dados - MongoDB – Parte 2 [lbBAAfvdaw0].f232.mp4
2025-10-16 12:59:48 [INFO] Download concluído: D:\YT\downloads_videos\Banco de Dados - MongoDB – Parte 2 [lbBAAfvdaw0].f234.mp4
2025-10-16 12:59:49 [INFO] Processado: Banco de Dados - MongoDB – Parte 2
2025-10-16 13:20:44 [ERROR] Erro ao extrair informações da URL: [0;31mERROR:[0m [youtube] SCsx0AFbJ6w: The following content is not available on this app.. Watch on the latest version of YouTube.
2025-10-16 13:23:26 [INFO] Encontrados 6 entradas na lista.
2025-10-16 13:23:43 [INFO] Download concluído: D:\YT\downloads_videos\Fundamentos do SQL - Curso de SQL - Aula 1 [ncgEQBONI_w].f614.mp4
2025-10-16 13:23:52 [INFO] Download concluído: D:\YT\downloads_videos\Fundamentos do SQL - Curso de SQL - Aula 1 [ncgEQBONI_w].f234.mp4
2025-10-16 13:23:53 [INFO] Processado: Fundamentos do SQL - Curso de SQL - Aula 1
2025-10-16 13:24:15 [INFO] Download concluído: D:\YT\downloads_videos\Instalação do MySQL e Criação das Primeiras Consultas - Curso de SQL - Aula 2 [UJ3ljw5uuEM].f614.mp4
2025-10-16 13:24:27 [INFO] Download concluído: D:\YT\downloads_videos\Instalação do MySQL e Criação das Primeiras Consultas - Curso de SQL - Aula 2 [UJ3ljw5uuEM].f234.mp4
2025-10-16 13:24:28 [INFO] Processado: Instalação do MySQL e Criação das Primeiras Consultas - Curso de SQL - Aula 2
2025-10-16 13:24:47 [INFO] Download concluído: D:\YT\downloads_videos\Criando Filtros no SQL com o Comando WHERE - Curso de SQL - Aula 3 [7R-yyZQAzsc].f614.mp4
2025-10-16 13:25:00 [INFO] Download concluído: D:\YT\downloads_videos\Criando Filtros no SQL com o Comando WHERE - Curso de SQL - Aula 3 [7R-yyZQAzsc].f234.mp4
2025-10-16 13:25:01 [INFO] Processado: Criando Filtros no SQL com o Comando WHERE - Curso de SQL - Aula 3
2025-10-16 13:25:16 [INFO] Download concluído: D:\YT\downloads_videos\Funções de Agregação no SQL (SUM, COUNT, AVG, MIN e MAX) - Curso de SQL - Aula 4 [BBASKdGg2Wo].f614.mp4
2025-10-16 13:25:23 [INFO] Download concluído: D:\YT\downloads_videos\Funções de Agregação no SQL (SUM, COUNT, AVG, MIN e MAX) - Curso de SQL - Aula 4 [BBASKdGg2Wo].f234.mp4
2025-10-16 13:25:24 [INFO] Processado: Funções de Agregação no SQL (SUM, COUNT, AVG, MIN e MAX) - Curso de SQL - Aula 4
2025-10-16 13:25:54 [INFO] Download concluído: D:\YT\downloads_videos\Criando agrupamentos com GROUP BY - Curso de SQL - Aula 5 [CMDHxPW-6ow].f616.mp4
2025-10-16 13:26:03 [INFO] Download concluído: D:\YT\downloads_videos\Criando agrupamentos com GROUP BY - Curso de SQL - Aula 5 [CMDHxPW-6ow].f234-1.mp4
2025-10-16 13:26:04 [INFO] Processado: Criando agrupamentos com GROUP BY - Curso de SQL - Aula 5
2025-10-16 13:26:25 [INFO] Download concluído: D:\YT\downloads_videos\Relacionamento de Tabelas com INNER JOIN - Curso de SQL - Aula 6 [7yYUFYiue_4].f614.mp4
2025-10-16 13:26:35 [INFO] Download concluído: D:\YT\downloads_videos\Relacionamento de Tabelas com INNER JOIN - Curso de SQL - Aula 6 [7yYUFYiue_4].f234.mp4
2025-10-16 13:26:36 [INFO] Processado: Relacionamento de Tabelas com INNER JOIN - Curso de SQL - Aula 6
2025-10-16 13:31:56 [INFO] Encontrados 5 entradas na lista.
2025-10-16 13:37:31 [INFO] Download concluído: D:\YT\downloads_videos\Do Zero às Primeiras Consultas com SQL ｜ SQL Básico - Parte 1 [QBDjB2V_uDM].f612.mp4
2025-10-16 13:38:02 [INFO] Download concluído: D:\YT\downloads_videos\Do Zero às Primeiras Consultas com SQL ｜ SQL Básico - Parte 1 [QBDjB2V_uDM].f234.mp4
2025-10-16 13:38:07 [INFO] Processado: Do Zero às Primeiras Consultas com SQL | SQL Básico - Parte 1
2025-10-16 13:38:46 [INFO] Download concluído: D:\YT\downloads_videos\Consultas mais elaboradas com SQL ｜ SQL Básico - Parte 2 [iHkGoJ0w_VU].f612.mp4
2025-10-16 13:39:13 [INFO] Download concluído: D:\YT\downloads_videos\Consultas mais elaboradas com SQL ｜ SQL Básico - Parte 2 [iHkGoJ0w_VU].f234.mp4
2025-10-16 13:39:18 [INFO] Processado: Consultas mais elaboradas com SQL | SQL Básico - Parte 2
2025-10-16 13:39:51 [INFO] Download concluído: D:\YT\downloads_videos\O guia definitivo do JOIN no SQL ｜ SQL Básico - Parte 3 [LPETu8N-hO8].f270.mp4
2025-10-16 13:40:12 [INFO] Download concluído: D:\YT\downloads_videos\O guia definitivo do JOIN no SQL ｜ SQL Básico - Parte 3 [LPETu8N-hO8].f234.mp4
2025-10-16 13:40:16 [INFO] Processado: O guia definitivo do JOIN no SQL | SQL Básico - Parte 3
2025-10-16 13:41:19 [INFO] Download concluído: D:\YT\downloads_videos\LEFT JOIN, subqueries (sub consultas) e UNION ｜ SQL Básico - Parte 4 [xFyjI0TgSOQ].f270.mp4
2025-10-16 13:41:46 [INFO] Download concluído: D:\YT\downloads_videos\LEFT JOIN, subqueries (sub consultas) e UNION ｜ SQL Básico - Parte 4 [xFyjI0TgSOQ].f234.mp4
2025-10-16 13:41:55 [INFO] Processado: LEFT JOIN, subqueries (sub consultas) e UNION | SQL Básico - Parte 4
2025-10-16 13:43:28 [INFO] Download concluído: D:\YT\downloads_videos\SQL Intermediário - Window Functions [42OPW_ODRKg].f628.mp4
2025-10-16 13:43:42 [INFO] Download concluído: D:\YT\downloads_videos\SQL Intermediário - Window Functions [42OPW_ODRKg].f234.mp4
2025-10-16 13:44:37 [INFO] Processado: SQL Intermediário - Window Functions
2025-10-16 13:54:33 [INFO] Encontrados 58 entradas na lista.
2025-10-16 13:54:39 [INFO] Download concluído: D:\YT\downloads_videos\A quem se destina este curso [WT_zCgSHSTQ].f232.mp4
2025-10-16 13:54:40 [INFO] Download concluído: D:\YT\downloads_videos\A quem se destina este curso [WT_zCgSHSTQ].f234.mp4
2025-10-16 13:54:41 [INFO] Processado: A quem se destina este curso
2025-10-16 13:55:02 [INFO] Download concluído: D:\YT\downloads_videos\01 - O que é ciência da computação [rh65Lh5V7S0].f311.mp4
2025-10-16 13:55:08 [INFO] Download concluído: D:\YT\downloads_videos\01 - O que é ciência da computação [rh65Lh5V7S0].f234.mp4
2025-10-16 13:55:13 [INFO] Processado: 01 - O que é ciência da computação
2025-10-16 13:55:18 [INFO] Download concluído: D:\YT\downloads_videos\Instalando o Python3 e o IDLE no Windows [1aUuW0aA7l0].f270.mp4
2025-10-16 13:55:21 [INFO] Download concluído: D:\YT\downloads_videos\Instalando o Python3 e o IDLE no Windows [1aUuW0aA7l0].f234.mp4
2025-10-16 13:55:22 [INFO] Processado: Instalando o Python3 e o IDLE no Windows
2025-10-16 13:55:26 [INFO] Download concluído: D:\YT\downloads_videos\Instalação do python e IDLE no Linux (ubuntu) [SqLhPI6pPy4].f232.mp4
2025-10-16 13:55:29 [INFO] Download concluído: D:\YT\downloads_videos\Instalação do python e IDLE no Linux (ubuntu) [SqLhPI6pPy4].f234.mp4
2025-10-16 13:55:30 [INFO] Processado: Instalação do python e IDLE no Linux (ubuntu)
2025-10-16 13:55:33 [INFO] Download concluído: D:\YT\downloads_videos\Consertando a configuração do Python3 no Windows [0SrKE9lVPTk].f270.mp4
2025-10-16 13:55:34 [INFO] Download concluído: D:\YT\downloads_videos\Consertando a configuração do Python3 no Windows [0SrKE9lVPTk].f234.mp4
2025-10-16 13:55:35 [INFO] Processado: Consertando a configuração do Python3 no Windows
2025-10-16 13:55:44 [INFO] Download concluído: D:\YT\downloads_videos\02 - Primeiras linhas em Python [LN8ejPwSzkU].f311.mp4
2025-10-16 13:55:47 [INFO] Download concluído: D:\YT\downloads_videos\02 - Primeiras linhas em Python [LN8ejPwSzkU].f234.mp4
2025-10-16 13:55:47 [INFO] Processado: 02 - Primeiras linhas em Python
2025-10-16 13:55:58 [INFO] Download concluído: D:\YT\downloads_videos\03 - Variáveis e scripts (programas) em Python [tqF0MjcOqcI].f311.mp4
2025-10-16 13:56:03 [INFO] Download concluído: D:\YT\downloads_videos\03 - Variáveis e scripts (programas) em Python [tqF0MjcOqcI].f234.mp4
2025-10-16 13:56:05 [INFO] Processado: 03 - Variáveis e scripts (programas) em Python
2025-10-16 13:56:11 [INFO] Download concluído: D:\YT\downloads_videos\Executando programas em python (Nelson Lago) [r8CSesZpFjo].f232.mp4
2025-10-16 13:56:13 [INFO] Download concluído: D:\YT\downloads_videos\Executando programas em python (Nelson Lago) [r8CSesZpFjo].f234.mp4
2025-10-16 13:56:14 [INFO] Processado: Executando programas em python (Nelson Lago)
2025-10-16 13:56:25 [INFO] Download concluído: D:\YT\downloads_videos\04 - Valores e tipos em Python [UZ7_oudJ150].f311.mp4
2025-10-16 13:56:29 [INFO] Download concluído: D:\YT\downloads_videos\04 - Valores e tipos em Python [UZ7_oudJ150].f234.mp4
2025-10-16 13:56:31 [INFO] Processado: 04 - Valores e tipos em Python
2025-10-16 13:56:58 [INFO] Download concluído: D:\YT\downloads_videos\O que é Software Livre？ (Nelson Lago) [sZg9nrUTgJE].f232.mp4
2025-10-16 13:57:06 [INFO] Download concluído: D:\YT\downloads_videos\O que é Software Livre？ (Nelson Lago) [sZg9nrUTgJE].f234.mp4
2025-10-16 13:57:09 [INFO] Processado: O que é Software Livre? (Nelson Lago)
2025-10-16 13:57:26 [INFO] Download concluído: D:\YT\downloads_videos\05 - Entrada de dados [ECFj-bWzU8I].f311.mp4
2025-10-16 13:57:33 [INFO] Download concluído: D:\YT\downloads_videos\05 - Entrada de dados [ECFj-bWzU8I].f234.mp4
2025-10-16 13:57:34 [INFO] Processado: 05 - Entrada de dados
2025-10-16 13:57:47 [INFO] Download concluído: D:\YT\downloads_videos\06 - Tipos booleanos e precedência de operadores [sgfmuFRZuWs].f232.mp4
2025-10-16 13:57:53 [INFO] Download concluído: D:\YT\downloads_videos\06 - Tipos booleanos e precedência de operadores [sgfmuFRZuWs].f234.mp4
2025-10-16 13:57:54 [INFO] Processado: 06 - Tipos booleanos e precedência de operadores
2025-10-16 13:58:06 [INFO] Download concluído: D:\YT\downloads_videos\07 - Condicionais [ngeVlLJ250s].f232.mp4
2025-10-16 13:58:12 [INFO] Download concluído: D:\YT\downloads_videos\07 - Condicionais [ngeVlLJ250s].f234.mp4
2025-10-16 13:58:13 [INFO] Processado: 07 - Condicionais
2025-10-16 13:58:21 [INFO] Download concluído: D:\YT\downloads_videos\08 - Exercício resolvido (Bhaskara) [v_QoUdfahng].f232.mp4
2025-10-16 13:58:25 [INFO] Download concluído: D:\YT\downloads_videos\08 - Exercício resolvido (Bhaskara) [v_QoUdfahng].f234.mp4
2025-10-16 13:58:26 [INFO] Processado: 08 - Exercício resolvido (Bhaskara)
2025-10-16 13:58:39 [INFO] Download concluído: D:\YT\downloads_videos\09 - Repetições (laços) com while [TllYO06DpUk].f232.mp4
2025-10-16 13:58:47 [INFO] Download concluído: D:\YT\downloads_videos\09 - Repetições (laços) com while [TllYO06DpUk].f234.mp4
2025-10-16 13:58:48 [INFO] Processado: 09 - Repetições (laços) com while
2025-10-16 13:59:01 [INFO] Download concluído: D:\YT\downloads_videos\10 - Indicadores de passagem [RBjrLgdMaMI].f232.mp4
2025-10-16 13:59:08 [INFO] Download concluído: D:\YT\downloads_videos\10 - Indicadores de passagem [RBjrLgdMaMI].f234.mp4
2025-10-16 13:59:09 [INFO] Processado: 10 - Indicadores de passagem
2025-10-16 13:59:16 [INFO] Download concluído: D:\YT\downloads_videos\11 - Depuração [Aa8-39qwbUU].f232.mp4
2025-10-16 13:59:22 [INFO] Download concluído: D:\YT\downloads_videos\11 - Depuração [Aa8-39qwbUU].f234.mp4
2025-10-16 13:59:22 [INFO] Processado: 11 - Depuração
2025-10-16 13:59:36 [INFO] Download concluído: D:\YT\downloads_videos\12 - Funções [AMUxtcJ8yfc].f232.mp4
2025-10-16 13:59:48 [INFO] Download concluído: D:\YT\downloads_videos\12 - Funções [AMUxtcJ8yfc].f234.mp4
2025-10-16 13:59:49 [INFO] Processado: 12 - Funções
2025-10-16 14:00:02 [INFO] Download concluído: D:\YT\downloads_videos\13 - Exercício resolvido (coeficiente binomial) e testes [se9JcK05PGw].f232.mp4
2025-10-16 14:00:12 [INFO] Download concluído: D:\YT\downloads_videos\13 - Exercício resolvido (coeficiente binomial) e testes [se9JcK05PGw].f234.mp4
2025-10-16 14:00:13 [INFO] Processado: 13 - Exercício resolvido (coeficiente binomial) e testes
2025-10-16 14:00:27 [INFO] Download concluído: D:\YT\downloads_videos\14 - Testes automatizados [c_5UByqX6kE].f232.mp4
2025-10-16 14:00:39 [INFO] Download concluído: D:\YT\downloads_videos\14 - Testes automatizados [c_5UByqX6kE].f234.mp4
2025-10-16 14:00:39 [INFO] Processado: 14 - Testes automatizados
2025-10-16 14:00:51 [INFO] Download concluído: D:\YT\downloads_videos\Melô do Teste Automatizado + Entrevista Testes em Startups de Software [eGH9--FcDxY].f232.mp4
2025-10-16 14:00:55 [INFO] Download concluído: D:\YT\downloads_videos\Melô do Teste Automatizado + Entrevista Testes em Startups de Software [eGH9--FcDxY].f234.mp4
2025-10-16 14:00:55 [INFO] Processado: Melô do Teste Automatizado + Entrevista Testes em Startups de Software
2025-10-16 14:01:06 [INFO] Download concluído: D:\YT\downloads_videos\15 - Exercício Resolvido - Refatoração (Fórmula de Bhaskara) [GhWEOe81bJw].f232.mp4
2025-10-16 14:01:12 [INFO] Download concluído: D:\YT\downloads_videos\15 - Exercício Resolvido - Refatoração (Fórmula de Bhaskara) [GhWEOe81bJw].f234.mp4
2025-10-16 14:01:12 [INFO] Processado: 15 - Exercício Resolvido - Refatoração (Fórmula de Bhaskara)
2025-10-16 14:01:20 [INFO] Download concluído: D:\YT\downloads_videos\16 - Depuração com funções [pYgAX8BuJN8].f232.mp4
2025-10-16 14:01:23 [INFO] Download concluído: D:\YT\downloads_videos\16 - Depuração com funções [pYgAX8BuJN8].f234.mp4
2025-10-16 14:01:23 [INFO] Processado: 16 - Depuração com funções
2025-10-16 14:01:36 [INFO] Download concluído: D:\YT\downloads_videos\17 - Repetições encaixadas [dRCDOH1lugs].f232.mp4
2025-10-16 14:01:42 [INFO] Download concluído: D:\YT\downloads_videos\17 - Repetições encaixadas [dRCDOH1lugs].f234.mp4
2025-10-16 14:01:43 [INFO] Processado: 17 - Repetições encaixadas
2025-10-16 14:01:52 [INFO] Download concluído: D:\YT\downloads_videos\18 - Exercício resolvido (fatorial) [pbzea8fXj98].f232.mp4
2025-10-16 14:01:56 [INFO] Download concluído: D:\YT\downloads_videos\18 - Exercício resolvido (fatorial) [pbzea8fXj98].f234.mp4
2025-10-16 14:01:56 [INFO] Processado: 18 - Exercício resolvido (fatorial)
2025-10-16 14:02:09 [INFO] Download concluído: D:\YT\downloads_videos\19 - Exercicio resolvido (fatoração) [9AUu2xjOACI].f232.mp4
2025-10-16 14:02:17 [INFO] Download concluído: D:\YT\downloads_videos\19 - Exercicio resolvido (fatoração) [9AUu2xjOACI].f234.mp4
2025-10-16 14:02:18 [INFO] Processado: 19 - Exercicio resolvido (fatoração)
2025-10-16 14:02:29 [INFO] Download concluído: D:\YT\downloads_videos\20 - Exercício resolvido (verificação de primos) [Wcug8mjU8Sg].f232.mp4
2025-10-16 14:02:37 [INFO] Download concluído: D:\YT\downloads_videos\20 - Exercício resolvido (verificação de primos) [Wcug8mjU8Sg].f234.mp4
2025-10-16 14:02:37 [INFO] Processado: 20 - Exercício resolvido (verificação de primos)
2025-10-16 14:03:01 [INFO] Download concluído: D:\YT\downloads_videos\21 - Coleções (listas, vetores) [krVca97F13I].f232.mp4
2025-10-16 14:03:12 [INFO] Download concluído: D:\YT\downloads_videos\21 - Coleções (listas, vetores) [krVca97F13I].f234.mp4
2025-10-16 14:03:13 [INFO] Processado: 21 - Coleções (listas, vetores)
2025-10-16 14:03:28 [INFO] Download concluído: D:\YT\downloads_videos\22 - Repetições com ＂for＂ [ctmPwp52b7w].f232.mp4
2025-10-16 14:03:34 [INFO] Download concluído: D:\YT\downloads_videos\22 - Repetições com ＂for＂ [ctmPwp52b7w].f234.mp4
2025-10-16 14:03:34 [INFO] Processado: 22 - Repetições com "for"
2025-10-16 14:03:50 [INFO] Download concluído: D:\YT\downloads_videos\23 - Manipulação de listas [LrXapVI66so].f232.mp4
2025-10-16 14:04:07 [INFO] Download concluído: D:\YT\downloads_videos\23 - Manipulação de listas [LrXapVI66so].f234.mp4
2025-10-16 14:04:07 [INFO] Processado: 23 - Manipulação de listas
2025-10-16 14:04:21 [INFO] Download concluído: D:\YT\downloads_videos\24 - Objetos na memória [4TN8IdsJ78k].f232.mp4
2025-10-16 14:04:26 [INFO] Download concluído: D:\YT\downloads_videos\24 - Objetos na memória [4TN8IdsJ78k].f234.mp4
2025-10-16 14:04:26 [INFO] Processado: 24 - Objetos na memória
2025-10-16 14:04:43 [INFO] Download concluído: D:\YT\downloads_videos\25 - Matrizes [c9yjwWNiNQw].f232.mp4
2025-10-16 14:04:52 [INFO] Download concluído: D:\YT\downloads_videos\25 - Matrizes [c9yjwWNiNQw].f234.mp4
2025-10-16 14:04:54 [INFO] Processado: 25 - Matrizes
2025-10-16 14:05:09 [INFO] Download concluído: D:\YT\downloads_videos\26 - Exercício resolvido (máxima e mínima) [EpvCXjuHifg].f232.mp4
2025-10-16 14:05:25 [INFO] Download concluído: D:\YT\downloads_videos\26 - Exercício resolvido (máxima e mínima) [EpvCXjuHifg].f234.mp4
2025-10-16 14:05:26 [INFO] Processado: 26 - Exercício resolvido (máxima e mínima)
2025-10-16 14:05:40 [INFO] Download concluído: D:\YT\downloads_videos\27 - Strings [DdhNltkI_hE].f232.mp4
2025-10-16 14:05:48 [INFO] Download concluído: D:\YT\downloads_videos\27 - Strings [DdhNltkI_hE].f234.mp4
2025-10-16 14:05:49 [INFO] Processado: 27 - Strings
2025-10-16 14:06:05 [INFO] Download concluído: D:\YT\downloads_videos\28 - Comparação de strings [EWQTdbtCtKw].f232.mp4
2025-10-16 14:06:11 [INFO] Download concluído: D:\YT\downloads_videos\28 - Comparação de strings [EWQTdbtCtKw].f234.mp4
2025-10-16 14:06:11 [INFO] Processado: 28 - Comparação de strings
2025-10-16 14:06:24 [INFO] Download concluído: D:\YT\downloads_videos\29 - 4 Pequenos conceitos úteis [eH5kd48NfM0].f232.mp4
2025-10-16 14:06:29 [INFO] Download concluído: D:\YT\downloads_videos\29 - 4 Pequenos conceitos úteis [eH5kd48NfM0].f234.mp4
2025-10-16 14:06:30 [INFO] Processado: 29 - 4 Pequenos conceitos úteis
2025-10-16 14:06:42 [INFO] Download concluído: D:\YT\downloads_videos\30 - Módulo em Python [6rSUPRZJFRM].f232.mp4
2025-10-16 14:06:48 [INFO] Download concluído: D:\YT\downloads_videos\30 - Módulo em Python [6rSUPRZJFRM].f234.mp4
2025-10-16 14:06:49 [INFO] Processado: 30 - Módulo em Python
2025-10-16 14:07:00 [INFO] Download concluído: D:\YT\downloads_videos\31 - Manipulação de matrizes (soma) [x_hNj2C-kVs].f232.mp4
2025-10-16 14:07:03 [INFO] Download concluído: D:\YT\downloads_videos\31 - Manipulação de matrizes (soma) [x_hNj2C-kVs].f234.mp4
2025-10-16 14:07:04 [INFO] Processado: 31 - Manipulação de matrizes (soma)
2025-10-16 14:07:17 [INFO] Download concluído: D:\YT\downloads_videos\32 - Exercício resolvido (multiplicação de matrizes) [gCKza8cYdJY].f232.mp4
2025-10-16 14:07:21 [INFO] Download concluído: D:\YT\downloads_videos\32 - Exercício resolvido (multiplicação de matrizes) [gCKza8cYdJY].f234.mp4
2025-10-16 14:07:22 [INFO] Processado: 32 - Exercício resolvido (multiplicação de matrizes)
2025-10-16 14:07:33 [INFO] Download concluído: D:\YT\downloads_videos\33 - Programação Orientada a Objetos - Parte 1 [frtaUi3B6Sc].f232.mp4
2025-10-16 14:07:42 [INFO] Download concluído: D:\YT\downloads_videos\33 - Programação Orientada a Objetos - Parte 1 [frtaUi3B6Sc].f234.mp4
2025-10-16 14:07:43 [INFO] Processado: 33 - Programação Orientada a Objetos - Parte 1
2025-10-16 14:07:53 [INFO] Download concluído: D:\YT\downloads_videos\34 - Programação Orientada a Objetos - Parte 2 [LsbakVX54RY].f232.mp4
2025-10-16 14:08:03 [INFO] Download concluído: D:\YT\downloads_videos\34 - Programação Orientada a Objetos - Parte 2 [LsbakVX54RY].f234.mp4
2025-10-16 14:08:04 [INFO] Processado: 34 - Programação Orientada a Objetos - Parte 2
2025-10-16 14:08:24 [INFO] Download concluído: D:\YT\downloads_videos\35 - Códigos testáveis [RYpV10216pw].f232.mp4
2025-10-16 14:08:34 [INFO] Download concluído: D:\YT\downloads_videos\35 - Códigos testáveis [RYpV10216pw].f234.mp4
2025-10-16 14:08:35 [INFO] Processado: 35 - Códigos testáveis
2025-10-16 14:08:45 [INFO] Download concluído: D:\YT\downloads_videos\36 - Busca Sequencial [bsFhgaaHeV4].f232.mp4
2025-10-16 14:08:50 [INFO] Download concluído: D:\YT\downloads_videos\36 - Busca Sequencial [bsFhgaaHeV4].f234.mp4
2025-10-16 14:08:50 [INFO] Processado: 36 - Busca Sequencial
2025-10-16 14:08:56 [INFO] Download concluído: D:\YT\downloads_videos\37 - Complexidade computacional [a06rEkp7rNw].f232.mp4
2025-10-16 14:08:59 [INFO] Download concluído: D:\YT\downloads_videos\37 - Complexidade computacional [a06rEkp7rNw].f234.mp4
2025-10-16 14:08:59 [INFO] Processado: 37 - Complexidade computacional
2025-10-16 14:09:07 [INFO] Download concluído: D:\YT\downloads_videos\38 - Algoritmos de Ordenação - Seleção Direta [JggjFK5PkMs].f232.mp4
2025-10-16 14:09:13 [INFO] Download concluído: D:\YT\downloads_videos\38 - Algoritmos de Ordenação - Seleção Direta [JggjFK5PkMs].f234.mp4
2025-10-16 14:09:13 [INFO] Processado: 38 - Algoritmos de Ordenação - Seleção Direta
2025-10-16 14:09:24 [INFO] Download concluído: D:\YT\downloads_videos\39 - Algoritmos de Ordenação da Bolha [tN-PwzkKcsk].f232.mp4
2025-10-16 14:09:30 [INFO] Download concluído: D:\YT\downloads_videos\39 - Algoritmos de Ordenação da Bolha [tN-PwzkKcsk].f234.mp4
2025-10-16 14:09:31 [INFO] Processado: 39 - Algoritmos de Ordenação da Bolha
2025-10-16 14:09:41 [INFO] Download concluído: D:\YT\downloads_videos\40 - Comparação de Desempenho [gW6PUkzkIUw].f232.mp4
2025-10-16 14:09:47 [INFO] Download concluído: D:\YT\downloads_videos\40 - Comparação de Desempenho [gW6PUkzkIUw].f234.mp4
2025-10-16 14:09:48 [INFO] Processado: 40 - Comparação de Desempenho
2025-10-16 14:09:56 [INFO] Download concluído: D:\YT\downloads_videos\41 - Melhoria no algoritmo da Bolha [NDUbLp1Ro2Q].f232.mp4
2025-10-16 14:10:03 [INFO] Download concluído: D:\YT\downloads_videos\41 - Melhoria no algoritmo da Bolha [NDUbLp1Ro2Q].f234.mp4
2025-10-16 14:10:03 [INFO] Processado: 41 - Melhoria no algoritmo da Bolha
2025-10-16 14:10:14 [INFO] Download concluído: D:\YT\downloads_videos\42 - Testes automatizados em algoritmos de ordenação [kh3pKfh8TYU].f232.mp4
2025-10-16 14:10:19 [INFO] Download concluído: D:\YT\downloads_videos\42 - Testes automatizados em algoritmos de ordenação [kh3pKfh8TYU].f234.mp4
2025-10-16 14:10:20 [INFO] Processado: 42 - Testes automatizados em algoritmos de ordenação
2025-10-16 14:10:28 [INFO] Download concluído: D:\YT\downloads_videos\43 - Busca Binária [NxriUYWxoEU].f232.mp4
2025-10-16 14:10:34 [INFO] Download concluído: D:\YT\downloads_videos\43 - Busca Binária [NxriUYWxoEU].f234.mp4
2025-10-16 14:10:35 [INFO] Processado: 43 - Busca Binária
2025-10-16 14:10:46 [INFO] Download concluído: D:\YT\downloads_videos\44 - Recursão - Parte 1 [AyPJx1RIDuY].f232.mp4
2025-10-16 14:10:51 [INFO] Download concluído: D:\YT\downloads_videos\44 - Recursão - Parte 1 [AyPJx1RIDuY].f234.mp4
2025-10-16 14:10:52 [INFO] Processado: 44 - Recursão - Parte 1
2025-10-16 14:11:20 [INFO] Download concluído: D:\YT\downloads_videos\45 - Recursão - Parte 2 [386wQ0bP9vw].f232.mp4
2025-10-16 14:11:32 [INFO] Download concluído: D:\YT\downloads_videos\45 - Recursão - Parte 2 [386wQ0bP9vw].f234.mp4
2025-10-16 14:11:34 [INFO] Processado: 45 - Recursão - Parte 2
2025-10-16 14:11:44 [INFO] Download concluído: D:\YT\downloads_videos\Scrapy 1 (Felipe Besson) [rj8Sqsgh5TM].f232.mp4
2025-10-16 14:11:48 [INFO] Download concluído: D:\YT\downloads_videos\Scrapy 1 (Felipe Besson) [rj8Sqsgh5TM].f234.mp4
2025-10-16 14:11:49 [INFO] Processado: Scrapy 1 (Felipe Besson)
2025-10-16 14:11:59 [INFO] Download concluído: D:\YT\downloads_videos\Scrapy 2 (Felipe Besson) [DRfEY-qzyvk].f232.mp4
2025-10-16 14:12:03 [INFO] Download concluído: D:\YT\downloads_videos\Scrapy 2 (Felipe Besson) [DRfEY-qzyvk].f234.mp4
2025-10-16 14:12:03 [INFO] Processado: Scrapy 2 (Felipe Besson)
2025-10-16 14:12:08 [INFO] Download concluído: D:\YT\downloads_videos\Inspeção de elementos de uma página Web - Scrapy 3 (Felipe Besson) [SXA58yKo9IY].f232.mp4
2025-10-16 14:12:08 [INFO] Download concluído: D:\YT\downloads_videos\Inspeção de elementos de uma página Web - Scrapy 3 (Felipe Besson) [SXA58yKo9IY].f234.mp4
2025-10-16 14:12:09 [INFO] Processado: Inspeção de elementos de uma página Web - Scrapy 3 (Felipe Besson)
2025-10-16 14:12:19 [INFO] Download concluído: D:\YT\downloads_videos\Jogos (Alfredo Goldman) [HQ2q8-EmUCs].f232.mp4
2025-10-16 14:12:22 [INFO] Download concluído: D:\YT\downloads_videos\Jogos (Alfredo Goldman) [HQ2q8-EmUCs].f234.mp4
2025-10-16 14:12:22 [INFO] Processado: Jogos (Alfredo Goldman)
2025-10-16 14:12:40 [INFO] Download concluído: D:\YT\downloads_videos\Dicas finais para o exercício COH-PIAH [6Z2wLXGdPCM].f232.mp4
2025-10-16 14:12:43 [INFO] Download concluído: D:\YT\downloads_videos\Dicas finais para o exercício COH-PIAH [6Z2wLXGdPCM].f234.mp4
2025-10-16 14:12:44 [INFO] Processado: Dicas finais para o exercício COH-PIAH
2025-10-16 14:13:24 [INFO] Download concluído: D:\YT\downloads_videos\Impactos da Computação na Sociedade - Software livre no mundo e no Brasil [E8a6avKhZgA].f270.mp4
2025-10-16 14:13:32 [INFO] Download concluído: D:\YT\downloads_videos\Impactos da Computação na Sociedade - Software livre no mundo e no Brasil [E8a6avKhZgA].f234-1.mp4
2025-10-16 14:13:33 [INFO] Processado: Impactos da Computação na Sociedade - Software livre no mundo e no Brasil
2025-10-16 15:44:09 [INFO] Encontrados 11 entradas na lista.
2025-10-16 15:46:30 [INFO] Download concluído: D:\YT\downloads_videos\Intensivo de SQL no Databricks para quem já sabe Excel, PowerBI ou Google Planilhas [WglpfDFncVE].f614.mp4
2025-10-16 15:48:05 [INFO] Download concluído: D:\YT\downloads_videos\Intensivo de SQL no Databricks para quem já sabe Excel, PowerBI ou Google Planilhas [WglpfDFncVE].f234.mp4
2025-10-16 15:48:57 [INFO] Processado: Intensivo de SQL no Databricks para quem já sabe Excel, PowerBI ou Google Planilhas
2025-10-16 15:53:04 [INFO] Download concluído: D:\YT\downloads_videos\Como sair do ZERO com SQL na AWS - ETL Parquet S3 Athena e Glue [ko3D76GP5d4].f616.mp4
2025-10-16 15:53:42 [INFO] Download concluído: D:\YT\downloads_videos\Como sair do ZERO com SQL na AWS - ETL Parquet S3 Athena e Glue [ko3D76GP5d4].f234.mp4
2025-10-16 15:55:21 [INFO] Processado: Como sair do ZERO com SQL na AWS - ETL Parquet S3 Athena e Glue
2025-10-16 15:57:20 [INFO] Download concluído: D:\YT\downloads_videos\Bootcamp Aberto - Modern Data Stack com SQL - Parte 1 de 3 ft. @MarcLamberti [lhMIMrEj_4Q].f614.mp4
2025-10-16 15:58:21 [INFO] Download concluído: D:\YT\downloads_videos\Bootcamp Aberto - Modern Data Stack com SQL - Parte 1 de 3 ft. @MarcLamberti [lhMIMrEj_4Q].f234.mp4
2025-10-16 15:59:11 [INFO] Processado: Bootcamp Aberto - Modern Data Stack com SQL - Parte 1 de 3 ft. @MarcLamberti
2025-10-16 16:00:52 [INFO] Download concluído: D:\YT\downloads_videos\Bootcamp Aberto - Modern Data Stack com SQL - Parte 2 de 3 [WG96Z7uGTHg].f270.mp4
2025-10-16 16:01:35 [INFO] Download concluído: D:\YT\downloads_videos\Bootcamp Aberto - Modern Data Stack com SQL - Parte 2 de 3 [WG96Z7uGTHg].f234.mp4
2025-10-16 16:02:30 [INFO] Processado: Bootcamp Aberto - Modern Data Stack com SQL - Parte 2 de 3
2025-10-16 16:04:31 [INFO] Download concluído: D:\YT\downloads_videos\Bootcamp Aberto - Modern Data Stack com SQL - Parte 3 de 3 [brfl7hdC060].f270.mp4
2025-10-16 16:05:30 [INFO] Download concluído: D:\YT\downloads_videos\Bootcamp Aberto - Modern Data Stack com SQL - Parte 3 de 3 [brfl7hdC060].f234.mp4
2025-10-16 16:06:35 [INFO] Processado: Bootcamp Aberto - Modern Data Stack com SQL - Parte 3 de 3
2025-10-16 16:06:40 [INFO] Download concluído: D:\YT\downloads_videos\ORDER BY no SQL, para que serve e como funciona？ [FBqW2MKDUEE].f614.mp4
2025-10-16 16:06:40 [INFO] Download concluído: D:\YT\downloads_videos\ORDER BY no SQL, para que serve e como funciona？ [FBqW2MKDUEE].f234.mp4
2025-10-16 16:06:41 [INFO] Processado: ORDER BY no SQL, para que serve e como funciona?
2025-10-16 16:06:44 [INFO] Download concluído: D:\YT\downloads_videos\O que faz o comando WHERE em análises utilizando SQL？ [yUUZ1fnxwY8].f614.mp4
2025-10-16 16:06:44 [INFO] Download concluído: D:\YT\downloads_videos\O que faz o comando WHERE em análises utilizando SQL？ [yUUZ1fnxwY8].f234.mp4
2025-10-16 16:06:45 [INFO] Processado: O que faz o comando WHERE em análises utilizando SQL?
2025-10-16 16:06:49 [INFO] Download concluído: D:\YT\downloads_videos\Aprenda SQLAlchemy para criar um banco de dados sem a função CREATE TABLE [m3H203FI2y0].f614.mp4
2025-10-16 16:06:50 [INFO] Download concluído: D:\YT\downloads_videos\Aprenda SQLAlchemy para criar um banco de dados sem a função CREATE TABLE [m3H203FI2y0].f234.mp4
2025-10-16 16:06:50 [INFO] Processado: Aprenda SQLAlchemy para criar um banco de dados sem a função CREATE TABLE
2025-10-16 16:06:56 [INFO] Download concluído: D:\YT\downloads_videos\O que faz o comando DISTINCT em análises utilizando SQL？ [KVKq43j3arg].f614.mp4
2025-10-16 16:06:56 [INFO] Download concluído: D:\YT\downloads_videos\O que faz o comando DISTINCT em análises utilizando SQL？ [KVKq43j3arg].f234.mp4
2025-10-16 16:06:57 [INFO] Processado: O que faz o comando DISTINCT em análises utilizando SQL?
2025-10-16 16:07:01 [INFO] Download concluído: D:\YT\downloads_videos\Como substituir linhas por colunas com SQL [p9RnOKG6-W4].f616.mp4
2025-10-16 16:07:02 [INFO] Download concluído: D:\YT\downloads_videos\Como substituir linhas por colunas com SQL [p9RnOKG6-W4].f234.mp4
2025-10-16 16:07:02 [INFO] Processado: Como substituir linhas por colunas com SQL
2025-10-16 16:07:04 [INFO] Download concluído: D:\YT\downloads_videos\Você sabe qual é a diferença entre o COUNT e o SUM em SQL？ [T344CL-Hh5I].f614.mp4
2025-10-16 16:07:05 [INFO] Download concluído: D:\YT\downloads_videos\Você sabe qual é a diferença entre o COUNT e o SUM em SQL？ [T344CL-Hh5I].f234.mp4
2025-10-16 16:07:05 [INFO] Processado: Você sabe qual é a diferença entre o COUNT e o SUM em SQL?
2025-10-16 16:12:45 [INFO] Encontrados 3 entradas na lista.
2025-10-16 16:13:00 [INFO] Download concluído: D:\YT\downloads_videos\#1- Git e GitHub Essencial： Introdução ao Git - Instalação, configuração e comandos básicos [cQ0RxB-VuB0].f232.mp4
2025-10-16 16:13:09 [INFO] Download concluído: D:\YT\downloads_videos\#1- Git e GitHub Essencial： Introdução ao Git - Instalação, configuração e comandos básicos [cQ0RxB-VuB0].f234.mp4
2025-10-16 16:13:10 [INFO] Processado: #1- Git e GitHub Essencial: Introdução ao Git - Instalação, configuração e comandos básicos
2025-10-16 16:13:19 [INFO] Download concluído: D:\YT\downloads_videos\#2- Git e GitHub Essencial： Introdução ao GitHub na prática [bIWy1-ojssQ].f232.mp4
2025-10-16 16:13:28 [INFO] Download concluído: D:\YT\downloads_videos\#2- Git e GitHub Essencial： Introdução ao GitHub na prática [bIWy1-ojssQ].f234.mp4
2025-10-16 16:13:28 [INFO] Processado: #2- Git e GitHub Essencial: Introdução ao GitHub na prática
2025-10-16 16:13:39 [INFO] Download concluído: D:\YT\downloads_videos\Hospedando sites gratuitamente com GitHub Pages + gerando token  de acesso [qjHIEbEevII].f232.mp4
2025-10-16 16:13:47 [INFO] Download concluído: D:\YT\downloads_videos\Hospedando sites gratuitamente com GitHub Pages + gerando token  de acesso [qjHIEbEevII].f234.mp4
2025-10-16 16:13:47 [INFO] Processado: Hospedando sites gratuitamente com GitHub Pages + gerando token  de acesso
